<?xml version="1.0" encoding="UTF-8"?>
<!-- Generated by org.testng.reporters.JUnitReportReporter -->
<testsuite hostname="cit-lp-032" failures="0" tests="1" name="test.EstimateTest" time="6.340" errors="0" timestamp="2024-01-22T22:21:08 IST" skipped="0">
  <testcase classname="test.EstimateTest" name="verifyEstimate" time="6.340"/>
  <system-out/>
</testsuite> <!-- test.EstimateTest -->
