<?xml version="1.0" encoding="UTF-8"?>
<!-- Generated by org.testng.reporters.JUnitReportReporter -->
<testsuite hostname="cit-lp-032" failures="0" tests="4" name="test.ItemsTest" time="24.095" errors="0" timestamp="2024-01-19T21:09:32 IST" skipped="0">
  <testcase classname="test.ItemsTest" name="verifyItems" time="7.287"/>
  <system-out/>
  <testcase classname="test.ItemsTest" name="verifySerch" time="4.838"/>
  <system-out/>
  <testcase classname="test.ItemsTest" name="verifyEditItems" time="6.060"/>
  <system-out/>
  <testcase classname="test.ItemsTest" name="verifyDeleteItems" time="5.910"/>
  <system-out/>
</testsuite> <!-- test.ItemsTest -->
