<?xml version="1.0" encoding="UTF-8"?>
<!-- Generated by org.testng.reporters.JUnitReportReporter -->
<testsuite hostname="cit-lp-032" failures="0" tests="4" name="test.ClientTest" time="25.311" errors="0" timestamp="2024-01-19T21:10:46 IST" skipped="0">
  <testcase classname="test.ClientTest" name="verifyAddClient" time="6.600"/>
  <system-out/>
  <testcase classname="test.ClientTest" name="verifySerch" time="5.003"/>
  <system-out/>
  <testcase classname="test.ClientTest" name="verifyEditClient" time="6.374"/>
  <system-out/>
  <testcase classname="test.ClientTest" name="verifyDeleteClient" time="7.334"/>
  <system-out/>
</testsuite> <!-- test.ClientTest -->
