<?xml version="1.0" encoding="UTF-8"?>
<!-- Generated by org.testng.reporters.JUnitReportReporter -->
<testsuite hostname="cit-lp-032" failures="0" tests="1" name="test.ClientTest" time="8.357" errors="0" timestamp="2024-01-15T21:20:55 IST" skipped="0">
  <testcase classname="test.ClientTest" name="verifyAddClient" time="8.357"/>
  <system-out/>
</testsuite> <!-- test.ClientTest -->
