<?xml version="1.0" encoding="UTF-8"?>
<!-- Generated by org.testng.reporters.JUnitReportReporter -->
<testsuite hostname="cit-lp-032" failures="0" tests="1" name="test.SigninTest" time="4.499" errors="0" timestamp="2024-01-15T21:19:37 IST" skipped="0">
  <testcase classname="test.SigninTest" name="verifyLogin" time="4.499"/>
  <system-out/>
</testsuite> <!-- test.SigninTest -->
